<?xml version="1.0" encoding="UTF-8"?>
<!-- Generated by org.testng.reporters.JUnitXMLReporter -->
<testsuite ignored="6" hostname="Kotresh" failures="2" tests="4" name="Test" time="152.905" errors="0" timestamp="2023-07-12T16:35:56 IST">
  <testcase classname="hrm.HRhead.DashBoardTest" name="dashboardtest" time="33.777"/>
  <testcase classname="hrm.HRhead.EmployeeTest" name="employeeTest" time="42.662"/>
  <testcase classname="hrm.HRhead.CorporateTest" name="corporateTest" time="26.304">
    <failure type="org.openqa.selenium.NoSuchElementException" message="no such element: Unable to locate element: {&amp;quot;method&amp;quot;:&amp;quot;xpath&amp;quot;,&amp;quot;selector&amp;quot;:&amp;quot;//tr[3][@class=&amp;apos;odd&amp;apos;]//button[.=&amp;apos;Edit&amp;apos;]&amp;quot;}
  (Session info: chrome=114.0.5735.199)
For documentation on this error, please visit: https://selenium.dev/exceptions/#no_such_element
Build info: version: &amp;apos;4.8.3&amp;apos;, revision: &amp;apos;e5e76298c3&amp;apos;
System info: os.name: &amp;apos;Windows 10&amp;apos;, os.arch: &amp;apos;amd64&amp;apos;, os.version: &amp;apos;10.0&amp;apos;, java.version: &amp;apos;17.0.5&amp;apos;
Driver info: org.openqa.selenium.chrome.ChromeDriver
Command: [73a75d930efcc858c088c9f14f774438, findElement {using=xpath, value=//tr[3][@class=&amp;apos;odd&amp;apos;]//button[.=&amp;apos;Edit&amp;apos;]}]
Capabilities {acceptInsecureCerts: false, browserName: chrome, browserVersion: 114.0.5735.199, chrome: {chromedriverVersion: 114.0.5735.90 (386bc09e8f4f..., userDataDir: C:\Users\Kotresh\AppData\Lo...}, goog:chromeOptions: {debuggerAddress: localhost:56769}, networkConnectionEnabled: false, pageLoadStrategy: normal, platformName: WINDOWS, proxy: Proxy(), se:cdp: ws://localhost:56769/devtoo..., se:cdpVersion: 114.0.5735.199, setWindowRect: true, strictFileInteractability: false, timeouts: {implicit: 0, pageLoad: 300000, script: 30000}, unhandledPromptBehavior: dismiss and notify, webauthn:extension:credBlob: true, webauthn:extension:largeBlob: true, webauthn:extension:minPinLength: true, webauthn:extension:prf: true, webauthn:virtualAuthenticators: true}
Session ID: 73a75d930efcc858c088c9f14f774438">
      <![CDATA[org.openqa.selenium.NoSuchElementException: no such element: Unable to locate element: {"method":"xpath","selector":"//tr[3][@class='odd']//button[.='Edit']"}
  (Session info: chrome=114.0.5735.199)
For documentation on this error, please visit: https://selenium.dev/exceptions/#no_such_element
Build info: version: '4.8.3', revision: 'e5e76298c3'
System info: os.name: 'Windows 10', os.arch: 'amd64', os.version: '10.0', java.version: '17.0.5'
Driver info: org.openqa.selenium.chrome.ChromeDriver
Command: [73a75d930efcc858c088c9f14f774438, findElement {using=xpath, value=//tr[3][@class='odd']//button[.='Edit']}]
Capabilities {acceptInsecureCerts: false, browserName: chrome, browserVersion: 114.0.5735.199, chrome: {chromedriverVersion: 114.0.5735.90 (386bc09e8f4f..., userDataDir: C:\Users\Kotresh\AppData\Lo...}, goog:chromeOptions: {debuggerAddress: localhost:56769}, networkConnectionEnabled: false, pageLoadStrategy: normal, platformName: WINDOWS, proxy: Proxy(), se:cdp: ws://localhost:56769/devtoo..., se:cdpVersion: 114.0.5735.199, setWindowRect: true, strictFileInteractability: false, timeouts: {implicit: 0, pageLoad: 300000, script: 30000}, unhandledPromptBehavior: dismiss and notify, webauthn:extension:credBlob: true, webauthn:extension:largeBlob: true, webauthn:extension:minPinLength: true, webauthn:extension:prf: true, webauthn:virtualAuthenticators: true}
Session ID: 73a75d930efcc858c088c9f14f774438
at org.openqa.selenium.remote.codec.w3c.W3CHttpResponseCodec.createException(W3CHttpResponseCodec.java:200)
at org.openqa.selenium.remote.codec.w3c.W3CHttpResponseCodec.decode(W3CHttpResponseCodec.java:133)
at org.openqa.selenium.remote.codec.w3c.W3CHttpResponseCodec.decode(W3CHttpResponseCodec.java:53)
at org.openqa.selenium.remote.HttpCommandExecutor.execute(HttpCommandExecutor.java:193)
at org.openqa.selenium.remote.service.DriverCommandExecutor.invokeExecute(DriverCommandExecutor.java:183)
at org.openqa.selenium.remote.service.DriverCommandExecutor.execute(DriverCommandExecutor.java:158)
at org.openqa.selenium.remote.RemoteWebDriver.execute(RemoteWebDriver.java:543)
at org.openqa.selenium.remote.ElementLocation$ElementFinder$2.findElement(ElementLocation.java:162)
at org.openqa.selenium.remote.ElementLocation.findElement(ElementLocation.java:60)
at org.openqa.selenium.remote.RemoteWebDriver.findElement(RemoteWebDriver.java:352)
at org.openqa.selenium.remote.RemoteWebDriver.findElement(RemoteWebDriver.java:344)
at org.openqa.selenium.support.pagefactory.DefaultElementLocator.findElement(DefaultElementLocator.java:70)
at org.openqa.selenium.support.pagefactory.internal.LocatingElementHandler.invoke(LocatingElementHandler.java:39)
at jdk.proxy2/jdk.proxy2.$Proxy22.click(Unknown Source)
at com.Estron.HRM.ObjectRepository.EstronCorporateDashboardPage.addCorporateEdit(EstronCorporateDashboardPage.java:29)
at hrm.HRhead.CorporateTest.corporateTest(CorporateTest.java:56)
at java.base/java.util.ArrayList.forEach(ArrayList.java:1511)
... Removed 32 stack frames]]>
    </failure>
  </testcase> <!-- corporateTest -->
  <testcase classname="hrm.HRhead.BranchTest" name="branchtest" time="4.704">
    <failure type="java.lang.AssertionError" message="expected [Failed] but found [true]">
      <![CDATA[java.lang.AssertionError: expected [Failed] but found [true]
at hrm.HRhead.BranchTest.branchtest(BranchTest.java:70)
at java.base/java.util.ArrayList.forEach(ArrayList.java:1511)
... Removed 32 stack frames]]>
    </failure>
  </testcase> <!-- branchtest -->
  <testcase classname="com.Estron.HRM.GenericUtility.BaseClass" name="@AfterSuite disconnectFromDatabase" time="0.0">
    <ignored/>
  </testcase> <!-- @AfterSuite disconnectFromDatabase -->
  <testcase classname="com.Estron.HRM.GenericUtility.BaseClass" name="@AfterSuite disconnectFromDatabase" time="0.0">
    <ignored/>
  </testcase> <!-- @AfterSuite disconnectFromDatabase -->
  <testcase classname="com.Estron.HRM.GenericUtility.BaseClass" name="@AfterSuite disconnectFromDatabase" time="0.0">
    <ignored/>
  </testcase> <!-- @AfterSuite disconnectFromDatabase -->
  <testcase classname="com.Estron.HRM.GenericUtility.BaseClass" name="@BeforeSuite connectionToDatabase" time="0.0">
    <ignored/>
  </testcase> <!-- @BeforeSuite connectionToDatabase -->
  <testcase classname="com.Estron.HRM.GenericUtility.BaseClass" name="@BeforeSuite connectionToDatabase" time="0.0">
    <ignored/>
  </testcase> <!-- @BeforeSuite connectionToDatabase -->
  <testcase classname="com.Estron.HRM.GenericUtility.BaseClass" name="@BeforeSuite connectionToDatabase" time="0.0">
    <ignored/>
  </testcase> <!-- @BeforeSuite connectionToDatabase -->
</testsuite> <!-- Test -->
