<?xml version="1.0" encoding="UTF-8"?>
<testng-results ignored="4" total="7" passed="2" failed="1" skipped="0">
  <reporter-output>
  </reporter-output>
  <suite started-at="2023-07-13T16:16:16 IST" name="Suite" finished-at="2023-07-13T16:17:58 IST" duration-ms="102012">
    <groups>
      <group name="SmokeSuite">
        <method signature="EmployeeTest.employeeTest()[pri:0, instance:hrm.HRhead.EmployeeTest@a38c7fe]" name="employeeTest" class="hrm.HRhead.EmployeeTest"/>
      </group> <!-- SmokeSuite -->
    </groups>
    <test started-at="2023-07-13T16:16:16 IST" name="Test" finished-at="2023-07-13T16:17:58 IST" duration-ms="102012">
      <class name="hrm.HRhead.DashBoardTest">
        <test-method is-config="true" signature="connectionToDatabase()[pri:0, instance:hrm.HRhead.DashBoardTest@60bd273d]" started-at="2023-07-13T16:16:16 IST" name="connectionToDatabase" finished-at="2023-07-13T16:16:16 IST" duration-ms="14" status="PASS">
          <reporter-output>
          </reporter-output>
        </test-method> <!-- connectionToDatabase -->
        <test-method is-config="true" signature="launchBrowser()[pri:0, instance:hrm.HRhead.DashBoardTest@60bd273d]" started-at="2023-07-13T16:16:16 IST" name="launchBrowser" finished-at="2023-07-13T16:16:24 IST" duration-ms="7228" status="PASS">
          <reporter-output>
          </reporter-output>
        </test-method> <!-- launchBrowser -->
        <test-method is-config="true" signature="loginToApplication()[pri:0, instance:hrm.HRhead.DashBoardTest@60bd273d]" started-at="2023-07-13T16:16:24 IST" name="loginToApplication" finished-at="2023-07-13T16:16:27 IST" duration-ms="3452" status="PASS">
          <reporter-output>
          </reporter-output>
        </test-method> <!-- loginToApplication -->
        <test-method signature="dashboardtest()[pri:0, instance:hrm.HRhead.DashBoardTest@60bd273d]" started-at="2023-07-13T16:16:27 IST" name="dashboardtest" finished-at="2023-07-13T16:16:57 IST" duration-ms="29809" status="PASS">
          <reporter-output>
          </reporter-output>
        </test-method> <!-- dashboardtest -->
        <test-method is-config="true" signature="logoutFromApplication()[pri:0, instance:hrm.HRhead.DashBoardTest@60bd273d]" started-at="2023-07-13T16:16:57 IST" name="logoutFromApplication" finished-at="2023-07-13T16:16:57 IST" duration-ms="203" status="PASS">
          <reporter-output>
          </reporter-output>
        </test-method> <!-- logoutFromApplication -->
        <test-method is-config="true" signature="closeBrowser()[pri:0, instance:hrm.HRhead.DashBoardTest@60bd273d]" started-at="2023-07-13T16:16:57 IST" name="closeBrowser" finished-at="2023-07-13T16:16:58 IST" duration-ms="525" status="PASS">
          <reporter-output>
          </reporter-output>
        </test-method> <!-- closeBrowser -->
        <test-method is-config="true" signature="disconnectFromDatabase()[pri:0, instance:hrm.HRhead.DashBoardTest@60bd273d]" started-at="2023-07-13T16:17:58 IST" name="disconnectFromDatabase" finished-at="2023-07-13T16:17:58 IST" duration-ms="0" status="PASS">
          <reporter-output>
          </reporter-output>
        </test-method> <!-- disconnectFromDatabase -->
      </class> <!-- hrm.HRhead.DashBoardTest -->
      <class name="hrm.HRhead.BranchTest">
        <test-method is-config="true" signature="launchBrowser()[pri:0, instance:hrm.HRhead.BranchTest@51c668e3]" started-at="2023-07-13T16:17:47 IST" name="launchBrowser" finished-at="2023-07-13T16:17:52 IST" duration-ms="4698" status="PASS">
          <reporter-output>
          </reporter-output>
        </test-method> <!-- launchBrowser -->
        <test-method is-config="true" signature="loginToApplication()[pri:0, instance:hrm.HRhead.BranchTest@51c668e3]" started-at="2023-07-13T16:17:52 IST" name="loginToApplication" finished-at="2023-07-13T16:17:53 IST" duration-ms="990" status="PASS">
          <reporter-output>
          </reporter-output>
        </test-method> <!-- loginToApplication -->
        <test-method signature="branchtest()[pri:0, instance:hrm.HRhead.BranchTest@51c668e3]" started-at="2023-07-13T16:17:53 IST" name="branchtest" finished-at="2023-07-13T16:17:57 IST" duration-ms="3845" status="FAIL">
          <exception class="java.lang.AssertionError">
            <message>
              <![CDATA[expected [Failed] but found [true]]]>
            </message>
            <full-stacktrace>
              <![CDATA[java.lang.AssertionError: expected [Failed] but found [true]
at org.testng.Assert.fail(Assert.java:99)
at org.testng.Assert.failNotEquals(Assert.java:1037)
at org.testng.Assert.assertEqualsImpl(Assert.java:140)
at org.testng.Assert.assertEquals(Assert.java:122)
at org.testng.Assert.assertEquals(Assert.java:617)
at hrm.HRhead.BranchTest.branchtest(BranchTest.java:70)
at java.base/jdk.internal.reflect.NativeMethodAccessorImpl.invoke0(Native Method)
at java.base/jdk.internal.reflect.NativeMethodAccessorImpl.invoke(NativeMethodAccessorImpl.java:77)
at java.base/jdk.internal.reflect.DelegatingMethodAccessorImpl.invoke(DelegatingMethodAccessorImpl.java:43)
at java.base/java.lang.reflect.Method.invoke(Method.java:568)
at org.testng.internal.MethodInvocationHelper.invokeMethod(MethodInvocationHelper.java:133)
at org.testng.internal.TestInvoker.invokeMethod(TestInvoker.java:598)
at org.testng.internal.TestInvoker.invokeTestMethod(TestInvoker.java:173)
at org.testng.internal.MethodRunner.runInSequence(MethodRunner.java:46)
at org.testng.internal.TestInvoker$MethodInvocationAgent.invoke(TestInvoker.java:824)
at org.testng.internal.TestInvoker.invokeTestMethods(TestInvoker.java:146)
at org.testng.internal.TestMethodWorker.invokeTestMethods(TestMethodWorker.java:146)
at org.testng.internal.TestMethodWorker.run(TestMethodWorker.java:128)
at java.base/java.util.ArrayList.forEach(ArrayList.java:1511)
at org.testng.TestRunner.privateRun(TestRunner.java:794)
at org.testng.TestRunner.run(TestRunner.java:596)
at org.testng.SuiteRunner.runTest(SuiteRunner.java:377)
at org.testng.SuiteRunner.runSequentially(SuiteRunner.java:371)
at org.testng.SuiteRunner.privateRun(SuiteRunner.java:332)
at org.testng.SuiteRunner.run(SuiteRunner.java:276)
at org.testng.SuiteRunnerWorker.runSuite(SuiteRunnerWorker.java:53)
at org.testng.SuiteRunnerWorker.run(SuiteRunnerWorker.java:96)
at org.testng.TestNG.runSuitesSequentially(TestNG.java:1212)
at org.testng.TestNG.runSuitesLocally(TestNG.java:1134)
at org.testng.TestNG.runSuites(TestNG.java:1063)
at org.testng.TestNG.run(TestNG.java:1031)
at org.testng.remote.AbstractRemoteTestNG.run(AbstractRemoteTestNG.java:115)
at org.testng.remote.RemoteTestNG.initAndRun(RemoteTestNG.java:251)
at org.testng.remote.RemoteTestNG.main(RemoteTestNG.java:77)
]]>
            </full-stacktrace>
          </exception> <!-- java.lang.AssertionError -->
          <reporter-output>
          </reporter-output>
        </test-method> <!-- branchtest -->
        <test-method is-config="true" signature="logoutFromApplication()[pri:0, instance:hrm.HRhead.BranchTest@51c668e3]" started-at="2023-07-13T16:17:57 IST" name="logoutFromApplication" finished-at="2023-07-13T16:17:57 IST" duration-ms="241" status="PASS">
          <reporter-output>
          </reporter-output>
        </test-method> <!-- logoutFromApplication -->
        <test-method is-config="true" signature="closeBrowser()[pri:0, instance:hrm.HRhead.BranchTest@51c668e3]" started-at="2023-07-13T16:17:57 IST" name="closeBrowser" finished-at="2023-07-13T16:17:58 IST" duration-ms="386" status="PASS">
          <reporter-output>
          </reporter-output>
        </test-method> <!-- closeBrowser -->
      </class> <!-- hrm.HRhead.BranchTest -->
      <class name="hrm.HRhead.EmployeeTest">
        <test-method is-config="true" signature="launchBrowser()[pri:0, instance:hrm.HRhead.EmployeeTest@a38c7fe]" started-at="2023-07-13T16:16:58 IST" name="launchBrowser" finished-at="2023-07-13T16:17:03 IST" duration-ms="5007" status="PASS">
          <reporter-output>
          </reporter-output>
        </test-method> <!-- launchBrowser -->
        <test-method is-config="true" signature="loginToApplication()[pri:0, instance:hrm.HRhead.EmployeeTest@a38c7fe]" started-at="2023-07-13T16:17:03 IST" name="loginToApplication" finished-at="2023-07-13T16:17:04 IST" duration-ms="1069" status="PASS">
          <reporter-output>
          </reporter-output>
        </test-method> <!-- loginToApplication -->
        <test-method signature="employeeTest()[pri:0, instance:hrm.HRhead.EmployeeTest@a38c7fe]" started-at="2023-07-13T16:17:04 IST" name="employeeTest" finished-at="2023-07-13T16:17:46 IST" duration-ms="42059" status="PASS">
          <reporter-output>
          </reporter-output>
        </test-method> <!-- employeeTest -->
        <test-method is-config="true" signature="logoutFromApplication()[pri:0, instance:hrm.HRhead.EmployeeTest@a38c7fe]" started-at="2023-07-13T16:17:46 IST" name="logoutFromApplication" finished-at="2023-07-13T16:17:47 IST" duration-ms="1287" status="PASS">
          <reporter-output>
          </reporter-output>
        </test-method> <!-- logoutFromApplication -->
        <test-method is-config="true" signature="closeBrowser()[pri:0, instance:hrm.HRhead.EmployeeTest@a38c7fe]" started-at="2023-07-13T16:17:47 IST" name="closeBrowser" finished-at="2023-07-13T16:17:47 IST" duration-ms="370" status="PASS">
          <reporter-output>
          </reporter-output>
        </test-method> <!-- closeBrowser -->
      </class> <!-- hrm.HRhead.EmployeeTest -->
    </test> <!-- Test -->
  </suite> <!-- Suite -->
</testng-results>
