<?xml version="1.0" encoding="UTF-8"?>
<testng-results ignored="0" total="1" passed="1" failed="0" skipped="0">
  <reporter-output>
  </reporter-output>
  <suite started-at="2023-07-13T15:29:38 IST" name="Default suite" finished-at="2023-07-13T15:30:14 IST" duration-ms="36489">
    <groups>
    </groups>
    <test started-at="2023-07-13T15:29:38 IST" name="Default test" finished-at="2023-07-13T15:30:14 IST" duration-ms="36489">
      <class name="hrm.HRhead.DashBoardTest">
        <test-method is-config="true" signature="connectionToDatabase()[pri:0, instance:hrm.HRhead.DashBoardTest@273e7444]" started-at="2023-07-13T15:29:38 IST" name="connectionToDatabase" finished-at="2023-07-13T15:29:38 IST" duration-ms="14" status="PASS">
          <reporter-output>
          </reporter-output>
        </test-method> <!-- connectionToDatabase -->
        <test-method is-config="true" signature="launchBrowser()[pri:0, instance:hrm.HRhead.DashBoardTest@273e7444]" started-at="2023-07-13T15:29:38 IST" name="launchBrowser" finished-at="2023-07-13T15:29:46 IST" duration-ms="8051" status="PASS">
          <reporter-output>
          </reporter-output>
        </test-method> <!-- launchBrowser -->
        <test-method is-config="true" signature="loginToApplication()[pri:0, instance:hrm.HRhead.DashBoardTest@273e7444]" started-at="2023-07-13T15:29:46 IST" name="loginToApplication" finished-at="2023-07-13T15:29:47 IST" duration-ms="1008" status="PASS">
          <reporter-output>
          </reporter-output>
        </test-method> <!-- loginToApplication -->
        <test-method signature="dashboardtest()[pri:0, instance:hrm.HRhead.DashBoardTest@273e7444]" started-at="2023-07-13T15:29:47 IST" name="dashboardtest" finished-at="2023-07-13T15:30:13 IST" duration-ms="26771" status="PASS">
          <reporter-output>
          </reporter-output>
        </test-method> <!-- dashboardtest -->
        <test-method is-config="true" signature="logoutFromApplication()[pri:0, instance:hrm.HRhead.DashBoardTest@273e7444]" started-at="2023-07-13T15:30:13 IST" name="logoutFromApplication" finished-at="2023-07-13T15:30:14 IST" duration-ms="212" status="PASS">
          <reporter-output>
          </reporter-output>
        </test-method> <!-- logoutFromApplication -->
        <test-method is-config="true" signature="closeBrowser()[pri:0, instance:hrm.HRhead.DashBoardTest@273e7444]" started-at="2023-07-13T15:30:14 IST" name="closeBrowser" finished-at="2023-07-13T15:30:14 IST" duration-ms="379" status="PASS">
          <reporter-output>
          </reporter-output>
        </test-method> <!-- closeBrowser -->
        <test-method is-config="true" signature="disconnectFromDatabase()[pri:0, instance:hrm.HRhead.DashBoardTest@273e7444]" started-at="2023-07-13T15:30:14 IST" name="disconnectFromDatabase" finished-at="2023-07-13T15:30:14 IST" duration-ms="0" status="PASS">
          <reporter-output>
          </reporter-output>
        </test-method> <!-- disconnectFromDatabase -->
      </class> <!-- hrm.HRhead.DashBoardTest -->
    </test> <!-- Default test -->
  </suite> <!-- Default suite -->
</testng-results>
